
ROM used: 3514 (11%)
          3514 (11%) including unused fragments

          3 Average locations per line
          14 Average locations per statement

RAM used: 29 (1%) at main() level
          54 (3%) worst case

Stack used: 7 worst case (out of 31 total available)

Lines Stmts  %   Files
----- ----- ---  -----
  398   177  72  Projeto_LAP2.c
  426     0   0  C:\PROGRA~2\PICC\devices\18F4550.h
  235    68  28  driver_lcd.c
----- -----
 1059   245 Total

Page ROM  %  RAM   Vol Diff  Functions:
---- --- --- ---   --- ----  ----------
0     38   1   1             @delay_ms1
0     20   0   0             @const48
0     64   1   1   328  2.7  lcd_send_nibble
0     50   1   1   362  2.3  lcd_read_nibble
0     36   1   3   165  3.3  lcd_read_byte
0     66   1   3   319  4.1  lcd_send_byte
0     88   1   3   384  4.4  lcd_init
0     34   0   4   186  5.5  lcd_gotoxy
0     68   1   1   275  3.9  lcd_putc
0     58   1   1   138  1.7  clr_scr
0     80   1   0   670  4.3  check_buttons
0     52   1   3    96  2.1  read_AD
0     66   1   0   218  3.5  update_sp
0    818  12   1  3302  6.4  update_display
0     34   0   0             @const100
0     30   0   0             @const101
0     32   0   0             @const102
0    242   3  11             @MULFF
0     64   1   5             @FTOSD
0    122   2  13             @DIV3232
0    382   5  13             @PRINTF_L32D_70FPFPF
0     34   0   0             @const115
0     24   0   0             @const117
0     26   0   0             @const120
0     32   0   0             @const123
0     30   0   0             @const124
0     34   0   0             @const125
0     24   0   0             @const126
0    234   3   9             @PRINTF_LD_70
0     26   0   0             @const130
0    430   6   1   751  6.2  MAIN
0     54   1   2             @ITOF
0    118   2  10             @FLT

Program metrics:
    Functions               13
    Statements              245
    Comments                287
    Volume (V)              10900
    Difficilty (D)          49.1
    Effort to implement (E) 535618
    Time to implement (T)   8 hours, 16 minutes
    Est Delivered Bugs (B)  2
    Cyclomatic Complexity   49
    Maintainability (MI)    130

 Segment     Used  Free
-----------  ----  ----
00000-00002     4  0  
00004-07FFE  3510  29254  



THE FOLLOWING IS TEMPORARY FOR DIAGNOSTIC USE ONLY:

    n1    n2    N1    N2   v(G)
     0     1     0     0     0    @delay_ms1
     0     1     0     0     0    @const48
     6    29    38    26     0    lcd_send_nibble
     5    40    30    36     0    lcd_read_nibble
     7    17    20    16     0    lcd_read_byte
     9    31    32    28     1    lcd_send_byte
    10    35    39    31     2    lcd_init
    11    19    19    19     1    lcd_gotoxy
     9    23    35    20     4    lcd_putc
     4    18    16    15     0    clr_scr
     9    39    83    37     9    check_buttons
     5    13    12    11     0    read_AD
     8    17    32    15     6    update_sp
    13   182   255   179    22    update_display
     0     1     0     0     0    @const100
     0     1     0     0     0    @const101
     0     1     0     0     0    @const102
     0     1     0     0     0    @MULFF
     0     1     0     0     0    @FTOSD
     0     1     0     0     0    @DIV3232
     0     1     0     0     0    @PRINTF_L32D_70FPFPF
     0     1     0     0     0    @const115
     0     1     0     0     0    @const117
     0     1     0     0     0    @const120
     0     1     0     0     0    @const123
     0     1     0     0     0    @const124
     0     1     0     0     0    @const125
     0     1     0     0     0    @const126
     0     1     0     0     0    @PRINTF_LD_70
     0     1     0     0     0    @const130
    13    56    70    53     4    MAIN
     0     1     0     0     0    @ITOF
     0     1     0     0     0    @FLT
